<?xml version="1.0" encoding="UTF-8"?>
<coverage generated="1651584688021" clover="3.2.0">
  <project timestamp="1651584688021" name="All files">
    <metrics statements="167" coveredstatements="112" conditionals="32" coveredconditionals="9" methods="55" coveredmethods="31" elements="254" coveredelements="152" complexity="0" loc="167" ncloc="167" packages="9" files="30" classes="30"/>
    <package name="src">
      <metrics statements="8" coveredstatements="8" conditionals="0" coveredconditionals="0" methods="0" coveredmethods="0"/>
      <file name="app.ts" path="/home/kawaym/Documentos/Projetos_Driven/Projeto_18_RepoProvas_Sprint2/repoprovas-backend/src/app.ts">
        <metrics statements="6" coveredstatements="6" conditionals="0" coveredconditionals="0" methods="0" coveredmethods="0"/>
        <line num="8" count="5" type="stmt"/>
        <line num="10" count="5" type="stmt"/>
        <line num="11" count="5" type="stmt"/>
        <line num="12" count="5" type="stmt"/>
        <line num="13" count="5" type="stmt"/>
        <line num="14" count="5" type="stmt"/>
      </file>
      <file name="database.ts" path="/home/kawaym/Documentos/Projetos_Driven/Projeto_18_RepoProvas_Sprint2/repoprovas-backend/src/database.ts">
        <metrics statements="2" coveredstatements="2" conditionals="0" coveredconditionals="0" methods="0" coveredmethods="0"/>
        <line num="3" count="5" type="stmt"/>
        <line num="4" count="5" type="stmt"/>
      </file>
    </package>
    <package name="src.controllers">
      <metrics statements="39" coveredstatements="26" conditionals="5" coveredconditionals="3" methods="11" coveredmethods="7"/>
      <file name="categoryController.ts" path="/home/kawaym/Documentos/Projetos_Driven/Projeto_18_RepoProvas_Sprint2/repoprovas-backend/src/controllers/categoryController.ts">
        <metrics statements="2" coveredstatements="2" conditionals="0" coveredconditionals="0" methods="1" coveredmethods="1"/>
        <line num="5" count="1" type="stmt"/>
        <line num="6" count="1" type="stmt"/>
      </file>
      <file name="disciplineController.ts" path="/home/kawaym/Documentos/Projetos_Driven/Projeto_18_RepoProvas_Sprint2/repoprovas-backend/src/controllers/disciplineController.ts">
        <metrics statements="7" coveredstatements="7" conditionals="1" coveredconditionals="1" methods="1" coveredmethods="1"/>
        <line num="5" count="2" type="stmt"/>
        <line num="6" count="2" type="cond" truecount="1" falsecount="0"/>
        <line num="7" count="1" type="stmt"/>
        <line num="8" count="1" type="stmt"/>
        <line num="9" count="1" type="stmt"/>
        <line num="11" count="1" type="stmt"/>
        <line num="12" count="1" type="stmt"/>
      </file>
      <file name="teacherController.ts" path="/home/kawaym/Documentos/Projetos_Driven/Projeto_18_RepoProvas_Sprint2/repoprovas-backend/src/controllers/teacherController.ts">
        <metrics statements="10" coveredstatements="7" conditionals="1" coveredconditionals="0" methods="3" coveredmethods="2"/>
        <line num="5" count="1" type="stmt"/>
        <line num="6" count="1" type="cond" truecount="0" falsecount="1"/>
        <line num="7" count="0" type="stmt"/>
        <line num="9" count="1" type="stmt"/>
        <line num="10" count="1" type="stmt"/>
        <line num="13" count="0" type="stmt"/>
        <line num="14" count="0" type="stmt"/>
        <line num="18" count="1" type="stmt"/>
        <line num="19" count="1" type="stmt"/>
        <line num="20" count="1" type="stmt"/>
      </file>
      <file name="testController.ts" path="/home/kawaym/Documentos/Projetos_Driven/Projeto_18_RepoProvas_Sprint2/repoprovas-backend/src/controllers/testController.ts">
        <metrics statements="14" coveredstatements="4" conditionals="3" coveredconditionals="2" methods="4" coveredmethods="1"/>
        <line num="5" count="2" type="stmt"/>
        <line num="7" count="2" type="cond" truecount="2" falsecount="1"/>
        <line num="8" count="0" type="stmt"/>
        <line num="11" count="2" type="stmt"/>
        <line num="12" count="2" type="stmt"/>
        <line num="16" count="0" type="stmt"/>
        <line num="18" count="0" type="stmt"/>
        <line num="20" count="0" type="stmt"/>
        <line num="23" count="0" type="stmt"/>
        <line num="24" count="0" type="stmt"/>
        <line num="25" count="0" type="stmt"/>
        <line num="29" count="0" type="stmt"/>
        <line num="30" count="0" type="stmt"/>
        <line num="31" count="0" type="stmt"/>
      </file>
      <file name="userController.ts" path="/home/kawaym/Documentos/Projetos_Driven/Projeto_18_RepoProvas_Sprint2/repoprovas-backend/src/controllers/userController.ts">
        <metrics statements="6" coveredstatements="6" conditionals="0" coveredconditionals="0" methods="2" coveredmethods="2"/>
        <line num="5" count="1" type="stmt"/>
        <line num="7" count="1" type="stmt"/>
        <line num="9" count="1" type="stmt"/>
        <line num="13" count="1" type="stmt"/>
        <line num="15" count="1" type="stmt"/>
        <line num="17" count="1" type="stmt"/>
      </file>
    </package>
    <package name="src.middlewares">
      <metrics statements="20" coveredstatements="14" conditionals="4" coveredconditionals="0" methods="4" coveredmethods="3"/>
      <file name="ensureAuthenticatedMiddleware.ts" path="/home/kawaym/Documentos/Projetos_Driven/Projeto_18_RepoProvas_Sprint2/repoprovas-backend/src/middlewares/ensureAuthenticatedMiddleware.ts">
        <metrics statements="11" coveredstatements="10" conditionals="2" coveredconditionals="0" methods="1" coveredmethods="1"/>
        <line num="6" count="5" type="stmt"/>
        <line num="13" count="7" type="stmt"/>
        <line num="14" count="7" type="cond" truecount="0" falsecount="1"/>
        <line num="16" count="7" type="stmt"/>
        <line num="17" count="7" type="cond" truecount="0" falsecount="1"/>
        <line num="19" count="7" type="stmt"/>
        <line num="20" count="7" type="stmt"/>
        <line num="23" count="7" type="stmt"/>
        <line num="24" count="7" type="stmt"/>
        <line num="26" count="7" type="stmt"/>
        <line num="28" count="0" type="stmt"/>
      </file>
      <file name="errorHandlerMiddleware.ts" path="/home/kawaym/Documentos/Projetos_Driven/Projeto_18_RepoProvas_Sprint2/repoprovas-backend/src/middlewares/errorHandlerMiddleware.ts">
        <metrics statements="4" coveredstatements="0" conditionals="1" coveredconditionals="0" methods="1" coveredmethods="0"/>
        <line num="14" count="0" type="stmt"/>
        <line num="16" count="0" type="cond" truecount="0" falsecount="1"/>
        <line num="17" count="0" type="stmt"/>
        <line num="20" count="0" type="stmt"/>
      </file>
      <file name="validateSchemaMiddleware.ts" path="/home/kawaym/Documentos/Projetos_Driven/Projeto_18_RepoProvas_Sprint2/repoprovas-backend/src/middlewares/validateSchemaMiddleware.ts">
        <metrics statements="5" coveredstatements="4" conditionals="1" coveredconditionals="0" methods="2" coveredmethods="2"/>
        <line num="5" count="15" type="stmt"/>
        <line num="6" count="2" type="stmt"/>
        <line num="7" count="2" type="cond" truecount="0" falsecount="1"/>
        <line num="8" count="0" type="stmt"/>
        <line num="11" count="2" type="stmt"/>
      </file>
    </package>
    <package name="src.repositories">
      <metrics statements="20" coveredstatements="9" conditionals="4" coveredconditionals="3" methods="18" coveredmethods="9"/>
      <file name="categoryRepository.ts" path="/home/kawaym/Documentos/Projetos_Driven/Projeto_18_RepoProvas_Sprint2/repoprovas-backend/src/repositories/categoryRepository.ts">
        <metrics statements="2" coveredstatements="1" conditionals="0" coveredconditionals="0" methods="2" coveredmethods="1"/>
        <line num="4" count="1" type="stmt"/>
        <line num="8" count="0" type="stmt"/>
      </file>
      <file name="disciplineRepository.ts" path="/home/kawaym/Documentos/Projetos_Driven/Projeto_18_RepoProvas_Sprint2/repoprovas-backend/src/repositories/disciplineRepository.ts">
        <metrics statements="2" coveredstatements="1" conditionals="1" coveredconditionals="1" methods="2" coveredmethods="1"/>
        <line num="4" count="2" type="stmt"/>
        <line num="7" count="0" type="stmt"/>
      </file>
      <file name="teacherRepository.ts" path="/home/kawaym/Documentos/Projetos_Driven/Projeto_18_RepoProvas_Sprint2/repoprovas-backend/src/repositories/teacherRepository.ts">
        <metrics statements="3" coveredstatements="2" conditionals="1" coveredconditionals="0" methods="3" coveredmethods="2"/>
        <line num="4" count="1" type="stmt"/>
        <line num="11" count="0" type="stmt"/>
        <line num="14" count="1" type="stmt"/>
      </file>
      <file name="testRepository.ts" path="/home/kawaym/Documentos/Projetos_Driven/Projeto_18_RepoProvas_Sprint2/repoprovas-backend/src/repositories/testRepository.ts">
        <metrics statements="10" coveredstatements="2" conditionals="2" coveredconditionals="2" methods="8" coveredmethods="2"/>
        <line num="4" count="1" type="stmt"/>
        <line num="32" count="1" type="stmt"/>
        <line num="60" count="0" type="stmt"/>
        <line num="64" count="0" type="stmt"/>
        <line num="67" count="0" type="stmt"/>
        <line num="77" count="0" type="stmt"/>
        <line num="80" count="0" type="stmt"/>
        <line num="91" count="0" type="stmt"/>
        <line num="95" count="0" type="stmt"/>
        <line num="104" count="0" type="stmt"/>
      </file>
      <file name="userRepository.ts" path="/home/kawaym/Documentos/Projetos_Driven/Projeto_18_RepoProvas_Sprint2/repoprovas-backend/src/repositories/userRepository.ts">
        <metrics statements="3" coveredstatements="3" conditionals="0" coveredconditionals="0" methods="3" coveredmethods="3"/>
        <line num="5" count="7" type="stmt"/>
        <line num="12" count="2" type="stmt"/>
        <line num="20" count="1" type="stmt"/>
      </file>
    </package>
    <package name="src.routers">
      <metrics statements="22" coveredstatements="22" conditionals="0" coveredconditionals="0" methods="0" coveredmethods="0"/>
      <file name="categoryRouter.ts" path="/home/kawaym/Documentos/Projetos_Driven/Projeto_18_RepoProvas_Sprint2/repoprovas-backend/src/routers/categoryRouter.ts">
        <metrics statements="2" coveredstatements="2" conditionals="0" coveredconditionals="0" methods="0" coveredmethods="0"/>
        <line num="5" count="5" type="stmt"/>
        <line num="7" count="5" type="stmt"/>
      </file>
      <file name="disciplineRouter.ts" path="/home/kawaym/Documentos/Projetos_Driven/Projeto_18_RepoProvas_Sprint2/repoprovas-backend/src/routers/disciplineRouter.ts">
        <metrics statements="3" coveredstatements="3" conditionals="0" coveredconditionals="0" methods="0" coveredmethods="0"/>
        <line num="5" count="5" type="stmt"/>
        <line num="7" count="5" type="stmt"/>
        <line num="12" count="5" type="stmt"/>
      </file>
      <file name="index.ts" path="/home/kawaym/Documentos/Projetos_Driven/Projeto_18_RepoProvas_Sprint2/repoprovas-backend/src/routers/index.ts">
        <metrics statements="6" coveredstatements="6" conditionals="0" coveredconditionals="0" methods="0" coveredmethods="0"/>
        <line num="8" count="5" type="stmt"/>
        <line num="9" count="5" type="stmt"/>
        <line num="10" count="5" type="stmt"/>
        <line num="11" count="5" type="stmt"/>
        <line num="12" count="5" type="stmt"/>
        <line num="13" count="5" type="stmt"/>
      </file>
      <file name="teacherRouter.ts" path="/home/kawaym/Documentos/Projetos_Driven/Projeto_18_RepoProvas_Sprint2/repoprovas-backend/src/routers/teacherRouter.ts">
        <metrics statements="3" coveredstatements="3" conditionals="0" coveredconditionals="0" methods="0" coveredmethods="0"/>
        <line num="5" count="5" type="stmt"/>
        <line num="7" count="5" type="stmt"/>
        <line num="12" count="5" type="stmt"/>
      </file>
      <file name="testRouter.ts" path="/home/kawaym/Documentos/Projetos_Driven/Projeto_18_RepoProvas_Sprint2/repoprovas-backend/src/routers/testRouter.ts">
        <metrics statements="5" coveredstatements="5" conditionals="0" coveredconditionals="0" methods="0" coveredmethods="0"/>
        <line num="6" count="5" type="stmt"/>
        <line num="8" count="5" type="stmt"/>
        <line num="9" count="5" type="stmt"/>
        <line num="15" count="5" type="stmt"/>
        <line num="20" count="5" type="stmt"/>
      </file>
      <file name="userRouter.ts" path="/home/kawaym/Documentos/Projetos_Driven/Projeto_18_RepoProvas_Sprint2/repoprovas-backend/src/routers/userRouter.ts">
        <metrics statements="3" coveredstatements="3" conditionals="0" coveredconditionals="0" methods="0" coveredmethods="0"/>
        <line num="6" count="5" type="stmt"/>
        <line num="8" count="5" type="stmt"/>
        <line num="13" count="5" type="stmt"/>
      </file>
    </package>
    <package name="src.schemas">
      <metrics statements="2" coveredstatements="2" conditionals="0" coveredconditionals="0" methods="0" coveredmethods="0"/>
      <file name="testSchema.ts" path="/home/kawaym/Documentos/Projetos_Driven/Projeto_18_RepoProvas_Sprint2/repoprovas-backend/src/schemas/testSchema.ts">
        <metrics statements="1" coveredstatements="1" conditionals="0" coveredconditionals="0" methods="0" coveredmethods="0"/>
        <line num="4" count="5" type="stmt"/>
      </file>
      <file name="userSchema.ts" path="/home/kawaym/Documentos/Projetos_Driven/Projeto_18_RepoProvas_Sprint2/repoprovas-backend/src/schemas/userSchema.ts">
        <metrics statements="1" coveredstatements="1" conditionals="0" coveredconditionals="0" methods="0" coveredmethods="0"/>
        <line num="4" count="5" type="stmt"/>
      </file>
    </package>
    <package name="src.services">
      <metrics statements="40" coveredstatements="25" conditionals="15" coveredconditionals="3" methods="14" coveredmethods="10"/>
      <file name="categoryService.ts" path="/home/kawaym/Documentos/Projetos_Driven/Projeto_18_RepoProvas_Sprint2/repoprovas-backend/src/services/categoryService.ts">
        <metrics statements="1" coveredstatements="1" conditionals="0" coveredconditionals="0" methods="1" coveredmethods="1"/>
        <line num="4" count="1" type="stmt"/>
      </file>
      <file name="disciplineService.ts" path="/home/kawaym/Documentos/Projetos_Driven/Projeto_18_RepoProvas_Sprint2/repoprovas-backend/src/services/disciplineService.ts">
        <metrics statements="2" coveredstatements="2" conditionals="0" coveredconditionals="0" methods="2" coveredmethods="2"/>
        <line num="4" count="1" type="stmt"/>
        <line num="7" count="1" type="stmt"/>
      </file>
      <file name="teacherService.ts" path="/home/kawaym/Documentos/Projetos_Driven/Projeto_18_RepoProvas_Sprint2/repoprovas-backend/src/services/teacherService.ts">
        <metrics statements="3" coveredstatements="2" conditionals="0" coveredconditionals="0" methods="3" coveredmethods="2"/>
        <line num="4" count="1" type="stmt"/>
        <line num="7" count="0" type="stmt"/>
        <line num="10" count="1" type="stmt"/>
      </file>
      <file name="testService.ts" path="/home/kawaym/Documentos/Projetos_Driven/Projeto_18_RepoProvas_Sprint2/repoprovas-backend/src/services/testService.ts">
        <metrics statements="18" coveredstatements="4" conditionals="11" coveredconditionals="3" methods="4" coveredmethods="1"/>
        <line num="15" count="2" type="cond" truecount="2" falsecount="0"/>
        <line num="16" count="1" type="stmt"/>
        <line num="17" count="1" type="cond" truecount="1" falsecount="0"/>
        <line num="18" count="1" type="stmt"/>
        <line num="23" count="0" type="stmt"/>
        <line num="24" count="0" type="stmt"/>
        <line num="26" count="0" type="stmt"/>
        <line num="27" count="0" type="stmt"/>
        <line num="28" count="0" type="stmt"/>
        <line num="32" count="0" type="cond" truecount="0" falsecount="4"/>
        <line num="33" count="0" type="stmt"/>
        <line num="35" count="0" type="cond" truecount="0" falsecount="3"/>
        <line num="36" count="0" type="stmt"/>
        <line num="38" count="0" type="stmt"/>
        <line num="42" count="0" type="stmt"/>
        <line num="44" count="0" type="cond" truecount="0" falsecount="1"/>
        <line num="46" count="0" type="stmt"/>
        <line num="50" count="0" type="stmt"/>
      </file>
      <file name="userService.ts" path="/home/kawaym/Documentos/Projetos_Driven/Projeto_18_RepoProvas_Sprint2/repoprovas-backend/src/services/userService.ts">
        <metrics statements="16" coveredstatements="16" conditionals="4" coveredconditionals="0" methods="4" coveredmethods="4"/>
        <line num="11" count="5" type="stmt"/>
        <line num="16" count="1" type="stmt"/>
        <line num="17" count="1" type="cond" truecount="0" falsecount="1"/>
        <line num="19" count="1" type="stmt"/>
        <line num="21" count="1" type="stmt"/>
        <line num="25" count="1" type="stmt"/>
        <line num="27" count="1" type="stmt"/>
        <line num="29" count="1" type="stmt"/>
        <line num="33" count="7" type="stmt"/>
        <line num="34" count="7" type="cond" truecount="0" falsecount="1"/>
        <line num="36" count="7" type="stmt"/>
        <line num="40" count="1" type="stmt"/>
        <line num="41" count="1" type="cond" truecount="0" falsecount="1"/>
        <line num="43" count="1" type="stmt"/>
        <line num="44" count="1" type="cond" truecount="0" falsecount="1"/>
        <line num="46" count="1" type="stmt"/>
      </file>
    </package>
    <package name="src.utils">
      <metrics statements="10" coveredstatements="0" conditionals="4" coveredconditionals="0" methods="6" coveredmethods="0"/>
      <file name="errorUtils.ts" path="/home/kawaym/Documentos/Projetos_Driven/Projeto_18_RepoProvas_Sprint2/repoprovas-backend/src/utils/errorUtils.ts">
        <metrics statements="10" coveredstatements="0" conditionals="4" coveredconditionals="0" methods="6" coveredmethods="0"/>
        <line num="8" count="0" type="stmt"/>
        <line num="12" count="0" type="cond" truecount="0" falsecount="1"/>
        <line num="13" count="0" type="cond" truecount="0" falsecount="1"/>
        <line num="14" count="0" type="cond" truecount="0" falsecount="1"/>
        <line num="15" count="0" type="cond" truecount="0" falsecount="1"/>
        <line num="16" count="0" type="stmt"/>
        <line num="20" count="0" type="stmt"/>
        <line num="24" count="0" type="stmt"/>
        <line num="28" count="0" type="stmt"/>
        <line num="32" count="0" type="stmt"/>
      </file>
    </package>
    <package name="tests.factories">
      <metrics statements="6" coveredstatements="6" conditionals="0" coveredconditionals="0" methods="2" coveredmethods="2"/>
      <file name="userFactory.ts" path="/home/kawaym/Documentos/Projetos_Driven/Projeto_18_RepoProvas_Sprint2/repoprovas-backend/tests/factories/userFactory.ts">
        <metrics statements="6" coveredstatements="6" conditionals="0" coveredconditionals="0" methods="2" coveredmethods="2"/>
        <line num="7" count="9" type="stmt"/>
        <line num="13" count="9" type="stmt"/>
        <line num="20" count="9" type="stmt"/>
        <line num="24" count="7" type="stmt"/>
        <line num="26" count="7" type="stmt"/>
        <line num="28" count="7" type="stmt"/>
      </file>
    </package>
  </project>
</coverage>
