{"/home/kawaym/Documentos/Projetos_Driven/Projeto_18_RepoProvas_Sprint2/repoprovas-backend/src/app.ts": {"path":"/home/kawaym/Documentos/Projetos_Driven/Projeto_18_RepoProvas_Sprint2/repoprovas-backend/src/app.ts","statementMap":{"0":{"start":{"line":8,"column":0},"end":{"line":8,"column":16}},"1":{"start":{"line":10,"column":12},"end":{"line":10,"column":21}},"2":{"start":{"line":11,"column":0},"end":{"line":11,"column":16}},"3":{"start":{"line":12,"column":0},"end":{"line":12,"column":16}},"4":{"start":{"line":13,"column":0},"end":{"line":13,"column":16}},"5":{"start":{"line":14,"column":0},"end":{"line":14,"column":32}}},"fnMap":{},"branchMap":{},"s":{"0":5,"1":5,"2":5,"3":5,"4":5,"5":5},"f":{},"b":{}}
,"/home/kawaym/Documentos/Projetos_Driven/Projeto_18_RepoProvas_Sprint2/repoprovas-backend/src/database.ts": {"path":"/home/kawaym/Documentos/Projetos_Driven/Projeto_18_RepoProvas_Sprint2/repoprovas-backend/src/database.ts","statementMap":{"0":{"start":{"line":3,"column":25},"end":{"line":3,"column":28}},"1":{"start":{"line":4,"column":22},"end":{"line":4,"column":40}}},"fnMap":{},"branchMap":{},"s":{"0":5,"1":5},"f":{},"b":{}}
,"/home/kawaym/Documentos/Projetos_Driven/Projeto_18_RepoProvas_Sprint2/repoprovas-backend/src/controllers/categoryController.ts": {"path":"/home/kawaym/Documentos/Projetos_Driven/Projeto_18_RepoProvas_Sprint2/repoprovas-backend/src/controllers/categoryController.ts","statementMap":{"0":{"start":{"line":5,"column":21},"end":{"line":5,"column":53}},"1":{"start":{"line":6,"column":2},"end":{"line":6,"column":27}}},"fnMap":{"0":{"name":"findMany","decl":{"start":{"line":4,"column":15},"end":{"line":4,"column":23}},"loc":{"start":{"line":4,"column":51},"end":{"line":7,"column":null}}}},"branchMap":{},"s":{"0":1,"1":1},"f":{"0":1},"b":{}}
,"/home/kawaym/Documentos/Projetos_Driven/Projeto_18_RepoProvas_Sprint2/repoprovas-backend/src/controllers/disciplineController.ts": {"path":"/home/kawaym/Documentos/Projetos_Driven/Projeto_18_RepoProvas_Sprint2/repoprovas-backend/src/controllers/disciplineController.ts","statementMap":{"0":{"start":{"line":5,"column":21},"end":{"line":5,"column":52}},"1":{"start":{"line":6,"column":2},"end":{"line":10,"column":null}},"2":{"start":{"line":7,"column":24},"end":{"line":7,"column":58}},"3":{"start":{"line":8,"column":4},"end":{"line":8,"column":30}},"4":{"start":{"line":9,"column":4},"end":{"line":9,"column":11}},"5":{"start":{"line":11,"column":22},"end":{"line":11,"column":60}},"6":{"start":{"line":12,"column":2},"end":{"line":12,"column":28}}},"fnMap":{"0":{"name":"search","decl":{"start":{"line":4,"column":15},"end":{"line":4,"column":21}},"loc":{"start":{"line":4,"column":49},"end":{"line":13,"column":null}}}},"branchMap":{"0":{"loc":{"start":{"line":6,"column":2},"end":{"line":10,"column":null}},"type":"if","locations":[{"start":{"line":6,"column":2},"end":{"line":10,"column":null}}]}},"s":{"0":2,"1":2,"2":1,"3":1,"4":1,"5":1,"6":1},"f":{"0":2},"b":{"0":[1]}}
,"/home/kawaym/Documentos/Projetos_Driven/Projeto_18_RepoProvas_Sprint2/repoprovas-backend/src/controllers/teacherController.ts": {"path":"/home/kawaym/Documentos/Projetos_Driven/Projeto_18_RepoProvas_Sprint2/repoprovas-backend/src/controllers/teacherController.ts","statementMap":{"0":{"start":{"line":5,"column":17},"end":{"line":5,"column":44}},"1":{"start":{"line":6,"column":2},"end":{"line":8,"column":null}},"2":{"start":{"line":7,"column":4},"end":{"line":7,"column":31}},"3":{"start":{"line":9,"column":19},"end":{"line":9,"column":70}},"4":{"start":{"line":10,"column":2},"end":{"line":10,"column":25}},"5":{"start":{"line":13,"column":19},"end":{"line":13,"column":50}},"6":{"start":{"line":14,"column":2},"end":{"line":14,"column":25}},"7":{"start":{"line":18,"column":21},"end":{"line":18,"column":52}},"8":{"start":{"line":19,"column":19},"end":{"line":19,"column":54}},"9":{"start":{"line":20,"column":2},"end":{"line":20,"column":25}}},"fnMap":{"0":{"name":"findByDiscipline","decl":{"start":{"line":4,"column":15},"end":{"line":4,"column":31}},"loc":{"start":{"line":4,"column":59},"end":{"line":11,"column":null}}},"1":{"name":"findMany","decl":{"start":{"line":12,"column":15},"end":{"line":12,"column":23}},"loc":{"start":{"line":12,"column":51},"end":{"line":15,"column":null}}},"2":{"name":"search","decl":{"start":{"line":17,"column":15},"end":{"line":17,"column":21}},"loc":{"start":{"line":17,"column":49},"end":{"line":21,"column":null}}}},"branchMap":{"0":{"loc":{"start":{"line":6,"column":2},"end":{"line":8,"column":null}},"type":"if","locations":[{"start":{"line":6,"column":2},"end":{"line":8,"column":null}}]}},"s":{"0":1,"1":1,"2":0,"3":1,"4":1,"5":0,"6":0,"7":1,"8":1,"9":1},"f":{"0":1,"1":0,"2":1},"b":{"0":[0]}}
,"/home/kawaym/Documentos/Projetos_Driven/Projeto_18_RepoProvas_Sprint2/repoprovas-backend/src/controllers/testController.ts": {"path":"/home/kawaym/Documentos/Projetos_Driven/Projeto_18_RepoProvas_Sprint2/repoprovas-backend/src/controllers/testController.ts","statementMap":{"0":{"start":{"line":5,"column":30},"end":{"line":5,"column":78}},"1":{"start":{"line":7,"column":2},"end":{"line":9,"column":null}},"2":{"start":{"line":8,"column":4},"end":{"line":8,"column":31}},"3":{"start":{"line":11,"column":16},"end":{"line":11,"column":66}},"4":{"start":{"line":12,"column":2},"end":{"line":12,"column":22}},"5":{"start":{"line":16,"column":15},"end":{"line":16,"column":23}},"6":{"start":{"line":18,"column":2},"end":{"line":18,"column":33}},"7":{"start":{"line":20,"column":2},"end":{"line":20,"column":22}},"8":{"start":{"line":23,"column":17},"end":{"line":23,"column":44}},"9":{"start":{"line":24,"column":2},"end":{"line":24,"column":42}},"10":{"start":{"line":25,"column":2},"end":{"line":25,"column":22}},"11":{"start":{"line":29,"column":21},"end":{"line":29,"column":52}},"12":{"start":{"line":30,"column":19},"end":{"line":30,"column":55}},"13":{"start":{"line":31,"column":2},"end":{"line":31,"column":21}}},"fnMap":{"0":{"name":"find","decl":{"start":{"line":4,"column":15},"end":{"line":4,"column":19}},"loc":{"start":{"line":4,"column":47},"end":{"line":13,"column":null}}},"1":{"name":"create","decl":{"start":{"line":15,"column":15},"end":{"line":15,"column":21}},"loc":{"start":{"line":15,"column":49},"end":{"line":21,"column":null}}},"2":{"name":"addView","decl":{"start":{"line":22,"column":15},"end":{"line":22,"column":22}},"loc":{"start":{"line":22,"column":50},"end":{"line":26,"column":null}}},"3":{"name":"searchTest","decl":{"start":{"line":28,"column":15},"end":{"line":28,"column":25}},"loc":{"start":{"line":28,"column":53},"end":{"line":32,"column":null}}}},"branchMap":{"0":{"loc":{"start":{"line":7,"column":2},"end":{"line":9,"column":null}},"type":"if","locations":[{"start":{"line":7,"column":2},"end":{"line":9,"column":null}}]},"1":{"loc":{"start":{"line":7,"column":6},"end":{"line":7,"column":57}},"type":"binary-expr","locations":[{"start":{"line":7,"column":6},"end":{"line":7,"column":31}},{"start":{"line":7,"column":35},"end":{"line":7,"column":57}}]}},"s":{"0":2,"1":2,"2":0,"3":2,"4":2,"5":0,"6":0,"7":0,"8":0,"9":0,"10":0,"11":0,"12":0,"13":0},"f":{"0":2,"1":0,"2":0,"3":0},"b":{"0":[0],"1":[2,1]}}
,"/home/kawaym/Documentos/Projetos_Driven/Projeto_18_RepoProvas_Sprint2/repoprovas-backend/src/controllers/userController.ts": {"path":"/home/kawaym/Documentos/Projetos_Driven/Projeto_18_RepoProvas_Sprint2/repoprovas-backend/src/controllers/userController.ts","statementMap":{"0":{"start":{"line":5,"column":15},"end":{"line":5,"column":23}},"1":{"start":{"line":7,"column":2},"end":{"line":7,"column":33}},"2":{"start":{"line":9,"column":2},"end":{"line":9,"column":22}},"3":{"start":{"line":13,"column":15},"end":{"line":13,"column":23}},"4":{"start":{"line":15,"column":16},"end":{"line":15,"column":46}},"5":{"start":{"line":17,"column":2},"end":{"line":17,"column":22}}},"fnMap":{"0":{"name":"signUp","decl":{"start":{"line":4,"column":15},"end":{"line":4,"column":21}},"loc":{"start":{"line":4,"column":49},"end":{"line":10,"column":null}}},"1":{"name":"signIn","decl":{"start":{"line":12,"column":15},"end":{"line":12,"column":21}},"loc":{"start":{"line":12,"column":49},"end":{"line":18,"column":null}}}},"branchMap":{},"s":{"0":1,"1":1,"2":1,"3":1,"4":1,"5":1},"f":{"0":1,"1":1},"b":{}}
,"/home/kawaym/Documentos/Projetos_Driven/Projeto_18_RepoProvas_Sprint2/repoprovas-backend/src/middlewares/ensureAuthenticatedMiddleware.ts": {"path":"/home/kawaym/Documentos/Projetos_Driven/Projeto_18_RepoProvas_Sprint2/repoprovas-backend/src/middlewares/ensureAuthenticatedMiddleware.ts","statementMap":{"0":{"start":{"line":6,"column":0},"end":{"line":6,"column":16}},"1":{"start":{"line":13,"column":24},"end":{"line":13,"column":52}},"2":{"start":{"line":14,"column":2},"end":{"line":14,"column":78}},"3":{"start":{"line":14,"column":22},"end":{"line":14,"column":78}},"4":{"start":{"line":16,"column":16},"end":{"line":16,"column":52}},"5":{"start":{"line":17,"column":2},"end":{"line":17,"column":55}},"6":{"start":{"line":17,"column":14},"end":{"line":17,"column":55}},"7":{"start":{"line":19,"column":2},"end":{"line":29,"column":null}},"8":{"start":{"line":20,"column":23},"end":{"line":20,"column":null}},"9":{"start":{"line":23,"column":17},"end":{"line":23,"column":51}},"10":{"start":{"line":24,"column":4},"end":{"line":24,"column":27}},"11":{"start":{"line":26,"column":4},"end":{"line":26,"column":11}},"12":{"start":{"line":28,"column":4},"end":{"line":28,"column":45}}},"fnMap":{"0":{"name":"ensureAuthenticatedMiddleware","decl":{"start":{"line":8,"column":22},"end":{"line":8,"column":51}},"loc":{"start":{"line":11,"column":20},"end":{"line":30,"column":null}}}},"branchMap":{"0":{"loc":{"start":{"line":14,"column":2},"end":{"line":14,"column":78}},"type":"if","locations":[{"start":{"line":14,"column":2},"end":{"line":14,"column":78}}]},"1":{"loc":{"start":{"line":17,"column":2},"end":{"line":17,"column":55}},"type":"if","locations":[{"start":{"line":17,"column":2},"end":{"line":17,"column":55}}]}},"s":{"0":5,"1":7,"2":7,"3":0,"4":7,"5":7,"6":0,"7":7,"8":7,"9":7,"10":7,"11":7,"12":0},"f":{"0":7},"b":{"0":[0],"1":[0]}}
,"/home/kawaym/Documentos/Projetos_Driven/Projeto_18_RepoProvas_Sprint2/repoprovas-backend/src/middlewares/errorHandlerMiddleware.ts": {"path":"/home/kawaym/Documentos/Projetos_Driven/Projeto_18_RepoProvas_Sprint2/repoprovas-backend/src/middlewares/errorHandlerMiddleware.ts","statementMap":{"0":{"start":{"line":14,"column":2},"end":{"line":14,"column":19}},"1":{"start":{"line":16,"column":2},"end":{"line":18,"column":null}},"2":{"start":{"line":17,"column":4},"end":{"line":17,"column":73}},"3":{"start":{"line":20,"column":2},"end":{"line":20,"column":29}}},"fnMap":{"0":{"name":"errorHandlerMiddleware","decl":{"start":{"line":8,"column":16},"end":{"line":8,"column":38}},"loc":{"start":{"line":12,"column":20},"end":{"line":21,"column":1}}}},"branchMap":{"0":{"loc":{"start":{"line":16,"column":2},"end":{"line":18,"column":null}},"type":"if","locations":[{"start":{"line":16,"column":2},"end":{"line":18,"column":null}}]}},"s":{"0":0,"1":0,"2":0,"3":0},"f":{"0":0},"b":{"0":[0]}}
,"/home/kawaym/Documentos/Projetos_Driven/Projeto_18_RepoProvas_Sprint2/repoprovas-backend/src/middlewares/validateSchemaMiddleware.ts": {"path":"/home/kawaym/Documentos/Projetos_Driven/Projeto_18_RepoProvas_Sprint2/repoprovas-backend/src/middlewares/validateSchemaMiddleware.ts","statementMap":{"0":{"start":{"line":5,"column":2},"end":{"line":12,"column":4}},"1":{"start":{"line":6,"column":23},"end":{"line":6,"column":48}},"2":{"start":{"line":7,"column":4},"end":{"line":9,"column":null}},"3":{"start":{"line":8,"column":6},"end":{"line":8,"column":71}},"4":{"start":{"line":11,"column":4},"end":{"line":11,"column":11}}},"fnMap":{"0":{"name":"validateSchemaMiddleware","decl":{"start":{"line":4,"column":16},"end":{"line":4,"column":40}},"loc":{"start":{"line":4,"column":61},"end":{"line":13,"column":1}}},"1":{"name":"(anonymous_1)","decl":{"start":{"line":5,"column":9},"end":{"line":5,"column":10}},"loc":{"start":{"line":5,"column":61},"end":{"line":12,"column":3}}}},"branchMap":{"0":{"loc":{"start":{"line":7,"column":4},"end":{"line":9,"column":null}},"type":"if","locations":[{"start":{"line":7,"column":4},"end":{"line":9,"column":null}}]}},"s":{"0":15,"1":2,"2":2,"3":0,"4":2},"f":{"0":15,"1":2},"b":{"0":[0]}}
,"/home/kawaym/Documentos/Projetos_Driven/Projeto_18_RepoProvas_Sprint2/repoprovas-backend/src/repositories/categoryRepository.ts": {"path":"/home/kawaym/Documentos/Projetos_Driven/Projeto_18_RepoProvas_Sprint2/repoprovas-backend/src/repositories/categoryRepository.ts","statementMap":{"0":{"start":{"line":4,"column":2},"end":{"line":4,"column":36}},"1":{"start":{"line":8,"column":2},"end":{"line":8,"column":55}}},"fnMap":{"0":{"name":"findMany","decl":{"start":{"line":3,"column":15},"end":{"line":3,"column":23}},"loc":{"start":{"line":3,"column":23},"end":{"line":5,"column":null}}},"1":{"name":"findUnique","decl":{"start":{"line":7,"column":15},"end":{"line":7,"column":25}},"loc":{"start":{"line":7,"column":36},"end":{"line":9,"column":null}}}},"branchMap":{},"s":{"0":1,"1":0},"f":{"0":1,"1":0},"b":{}}
,"/home/kawaym/Documentos/Projetos_Driven/Projeto_18_RepoProvas_Sprint2/repoprovas-backend/src/repositories/disciplineRepository.ts": {"path":"/home/kawaym/Documentos/Projetos_Driven/Projeto_18_RepoProvas_Sprint2/repoprovas-backend/src/repositories/disciplineRepository.ts","statementMap":{"0":{"start":{"line":4,"column":2},"end":{"line":4,"column":78}},"1":{"start":{"line":7,"column":2},"end":{"line":7,"column":57}}},"fnMap":{"0":{"name":"findMany","decl":{"start":{"line":3,"column":15},"end":{"line":3,"column":23}},"loc":{"start":{"line":3,"column":42},"end":{"line":5,"column":null}}},"1":{"name":"findUnique","decl":{"start":{"line":6,"column":15},"end":{"line":6,"column":25}},"loc":{"start":{"line":6,"column":36},"end":{"line":8,"column":null}}}},"branchMap":{"0":{"loc":{"start":{"line":3,"column":24},"end":{"line":3,"column":42}},"type":"default-arg","locations":[{"start":{"line":3,"column":40},"end":{"line":3,"column":42}}]}},"s":{"0":2,"1":0},"f":{"0":2,"1":0},"b":{"0":[1]}}
,"/home/kawaym/Documentos/Projetos_Driven/Projeto_18_RepoProvas_Sprint2/repoprovas-backend/src/repositories/teacherRepository.ts": {"path":"/home/kawaym/Documentos/Projetos_Driven/Projeto_18_RepoProvas_Sprint2/repoprovas-backend/src/repositories/teacherRepository.ts","statementMap":{"0":{"start":{"line":4,"column":2},"end":{"line":8,"column":5}},"1":{"start":{"line":11,"column":2},"end":{"line":11,"column":54}},"2":{"start":{"line":14,"column":2},"end":{"line":14,"column":75}}},"fnMap":{"0":{"name":"findByDiscipline","decl":{"start":{"line":3,"column":15},"end":{"line":3,"column":31}},"loc":{"start":{"line":3,"column":42},"end":{"line":9,"column":null}}},"1":{"name":"findUnique","decl":{"start":{"line":10,"column":15},"end":{"line":10,"column":25}},"loc":{"start":{"line":10,"column":36},"end":{"line":12,"column":null}}},"2":{"name":"findMany","decl":{"start":{"line":13,"column":15},"end":{"line":13,"column":23}},"loc":{"start":{"line":13,"column":42},"end":{"line":15,"column":null}}}},"branchMap":{"0":{"loc":{"start":{"line":13,"column":24},"end":{"line":13,"column":42}},"type":"default-arg","locations":[{"start":{"line":13,"column":40},"end":{"line":13,"column":42}}]}},"s":{"0":1,"1":0,"2":1},"f":{"0":1,"1":0,"2":1},"b":{"0":[0]}}
,"/home/kawaym/Documentos/Projetos_Driven/Projeto_18_RepoProvas_Sprint2/repoprovas-backend/src/repositories/testRepository.ts": {"path":"/home/kawaym/Documentos/Projetos_Driven/Projeto_18_RepoProvas_Sprint2/repoprovas-backend/src/repositories/testRepository.ts","statementMap":{"0":{"start":{"line":4,"column":2},"end":{"line":28,"column":5}},"1":{"start":{"line":32,"column":2},"end":{"line":49,"column":5}},"2":{"start":{"line":60,"column":2},"end":{"line":60,"column":52}},"3":{"start":{"line":64,"column":30},"end":{"line":66,"column":4}},"4":{"start":{"line":67,"column":2},"end":{"line":73,"column":5}},"5":{"start":{"line":77,"column":30},"end":{"line":79,"column":4}},"6":{"start":{"line":80,"column":2},"end":{"line":87,"column":5}},"7":{"start":{"line":91,"column":2},"end":{"line":91,"column":51}},"8":{"start":{"line":95,"column":2},"end":{"line":100,"column":5}},"9":{"start":{"line":104,"column":2},"end":{"line":104,"column":69}}},"fnMap":{"0":{"name":"getTestsByDiscipline","decl":{"start":{"line":3,"column":15},"end":{"line":3,"column":35}},"loc":{"start":{"line":3,"column":54},"end":{"line":29,"column":null}}},"1":{"name":"getTestsByTeachers","decl":{"start":{"line":31,"column":15},"end":{"line":31,"column":33}},"loc":{"start":{"line":31,"column":52},"end":{"line":50,"column":null}}},"2":{"name":"getTestByName","decl":{"start":{"line":59,"column":15},"end":{"line":59,"column":28}},"loc":{"start":{"line":59,"column":41},"end":{"line":61,"column":null}}},"3":{"name":"getTestByData","decl":{"start":{"line":63,"column":15},"end":{"line":63,"column":28}},"loc":{"start":{"line":63,"column":65},"end":{"line":74,"column":null}}},"4":{"name":"create","decl":{"start":{"line":76,"column":15},"end":{"line":76,"column":21}},"loc":{"start":{"line":76,"column":44},"end":{"line":88,"column":null}}},"5":{"name":"getTestById","decl":{"start":{"line":90,"column":15},"end":{"line":90,"column":26}},"loc":{"start":{"line":90,"column":37},"end":{"line":92,"column":null}}},"6":{"name":"addView","decl":{"start":{"line":94,"column":15},"end":{"line":94,"column":22}},"loc":{"start":{"line":94,"column":33},"end":{"line":101,"column":null}}},"7":{"name":"searchTest","decl":{"start":{"line":103,"column":15},"end":{"line":103,"column":25}},"loc":{"start":{"line":103,"column":39},"end":{"line":105,"column":null}}}},"branchMap":{"0":{"loc":{"start":{"line":3,"column":36},"end":{"line":3,"column":54}},"type":"default-arg","locations":[{"start":{"line":3,"column":52},"end":{"line":3,"column":54}}]},"1":{"loc":{"start":{"line":31,"column":34},"end":{"line":31,"column":52}},"type":"default-arg","locations":[{"start":{"line":31,"column":50},"end":{"line":31,"column":52}}]}},"s":{"0":1,"1":1,"2":0,"3":0,"4":0,"5":0,"6":0,"7":0,"8":0,"9":0},"f":{"0":1,"1":1,"2":0,"3":0,"4":0,"5":0,"6":0,"7":0},"b":{"0":[1],"1":[1]}}
,"/home/kawaym/Documentos/Projetos_Driven/Projeto_18_RepoProvas_Sprint2/repoprovas-backend/src/repositories/userRepository.ts": {"path":"/home/kawaym/Documentos/Projetos_Driven/Projeto_18_RepoProvas_Sprint2/repoprovas-backend/src/repositories/userRepository.ts","statementMap":{"0":{"start":{"line":5,"column":2},"end":{"line":9,"column":5}},"1":{"start":{"line":12,"column":2},"end":{"line":16,"column":5}},"2":{"start":{"line":20,"column":2},"end":{"line":22,"column":5}}},"fnMap":{"0":{"name":"findById","decl":{"start":{"line":4,"column":15},"end":{"line":4,"column":23}},"loc":{"start":{"line":4,"column":34},"end":{"line":10,"column":null}}},"1":{"name":"findByEmail","decl":{"start":{"line":11,"column":15},"end":{"line":11,"column":26}},"loc":{"start":{"line":11,"column":40},"end":{"line":17,"column":null}}},"2":{"name":"insert","decl":{"start":{"line":19,"column":15},"end":{"line":19,"column":21}},"loc":{"start":{"line":19,"column":52},"end":{"line":23,"column":null}}}},"branchMap":{},"s":{"0":7,"1":2,"2":1},"f":{"0":7,"1":2,"2":1},"b":{}}
,"/home/kawaym/Documentos/Projetos_Driven/Projeto_18_RepoProvas_Sprint2/repoprovas-backend/src/routers/categoryRouter.ts": {"path":"/home/kawaym/Documentos/Projetos_Driven/Projeto_18_RepoProvas_Sprint2/repoprovas-backend/src/routers/categoryRouter.ts","statementMap":{"0":{"start":{"line":5,"column":23},"end":{"line":5,"column":31}},"1":{"start":{"line":7,"column":0},"end":{"line":11,"column":2}}},"fnMap":{},"branchMap":{},"s":{"0":5,"1":5},"f":{},"b":{}}
,"/home/kawaym/Documentos/Projetos_Driven/Projeto_18_RepoProvas_Sprint2/repoprovas-backend/src/routers/disciplineRouter.ts": {"path":"/home/kawaym/Documentos/Projetos_Driven/Projeto_18_RepoProvas_Sprint2/repoprovas-backend/src/routers/disciplineRouter.ts","statementMap":{"0":{"start":{"line":5,"column":25},"end":{"line":5,"column":33}},"1":{"start":{"line":7,"column":0},"end":{"line":11,"column":2}},"2":{"start":{"line":12,"column":0},"end":{"line":16,"column":2}}},"fnMap":{},"branchMap":{},"s":{"0":5,"1":5,"2":5},"f":{},"b":{}}
,"/home/kawaym/Documentos/Projetos_Driven/Projeto_18_RepoProvas_Sprint2/repoprovas-backend/src/routers/index.ts": {"path":"/home/kawaym/Documentos/Projetos_Driven/Projeto_18_RepoProvas_Sprint2/repoprovas-backend/src/routers/index.ts","statementMap":{"0":{"start":{"line":8,"column":15},"end":{"line":8,"column":23}},"1":{"start":{"line":9,"column":0},"end":{"line":9,"column":23}},"2":{"start":{"line":10,"column":0},"end":{"line":10,"column":23}},"3":{"start":{"line":11,"column":0},"end":{"line":11,"column":27}},"4":{"start":{"line":12,"column":0},"end":{"line":12,"column":29}},"5":{"start":{"line":13,"column":0},"end":{"line":13,"column":26}}},"fnMap":{},"branchMap":{},"s":{"0":5,"1":5,"2":5,"3":5,"4":5,"5":5},"f":{},"b":{}}
,"/home/kawaym/Documentos/Projetos_Driven/Projeto_18_RepoProvas_Sprint2/repoprovas-backend/src/routers/teacherRouter.ts": {"path":"/home/kawaym/Documentos/Projetos_Driven/Projeto_18_RepoProvas_Sprint2/repoprovas-backend/src/routers/teacherRouter.ts","statementMap":{"0":{"start":{"line":5,"column":22},"end":{"line":5,"column":30}},"1":{"start":{"line":7,"column":0},"end":{"line":11,"column":2}},"2":{"start":{"line":12,"column":0},"end":{"line":16,"column":2}}},"fnMap":{},"branchMap":{},"s":{"0":5,"1":5,"2":5},"f":{},"b":{}}
,"/home/kawaym/Documentos/Projetos_Driven/Projeto_18_RepoProvas_Sprint2/repoprovas-backend/src/routers/testRouter.ts": {"path":"/home/kawaym/Documentos/Projetos_Driven/Projeto_18_RepoProvas_Sprint2/repoprovas-backend/src/routers/testRouter.ts","statementMap":{"0":{"start":{"line":6,"column":19},"end":{"line":6,"column":27}},"1":{"start":{"line":8,"column":0},"end":{"line":8,"column":77}},"2":{"start":{"line":9,"column":0},"end":{"line":14,"column":2}},"3":{"start":{"line":15,"column":0},"end":{"line":19,"column":2}},"4":{"start":{"line":20,"column":0},"end":{"line":24,"column":2}}},"fnMap":{},"branchMap":{},"s":{"0":5,"1":5,"2":5,"3":5,"4":5},"f":{},"b":{}}
,"/home/kawaym/Documentos/Projetos_Driven/Projeto_18_RepoProvas_Sprint2/repoprovas-backend/src/routers/userRouter.ts": {"path":"/home/kawaym/Documentos/Projetos_Driven/Projeto_18_RepoProvas_Sprint2/repoprovas-backend/src/routers/userRouter.ts","statementMap":{"0":{"start":{"line":6,"column":19},"end":{"line":6,"column":27}},"1":{"start":{"line":8,"column":0},"end":{"line":12,"column":2}},"2":{"start":{"line":13,"column":0},"end":{"line":17,"column":2}}},"fnMap":{},"branchMap":{},"s":{"0":5,"1":5,"2":5},"f":{},"b":{}}
,"/home/kawaym/Documentos/Projetos_Driven/Projeto_18_RepoProvas_Sprint2/repoprovas-backend/src/schemas/testSchema.ts": {"path":"/home/kawaym/Documentos/Projetos_Driven/Projeto_18_RepoProvas_Sprint2/repoprovas-backend/src/schemas/testSchema.ts","statementMap":{"0":{"start":{"line":4,"column":26},"end":{"line":10,"column":2}}},"fnMap":{},"branchMap":{},"s":{"0":5},"f":{},"b":{}}
,"/home/kawaym/Documentos/Projetos_Driven/Projeto_18_RepoProvas_Sprint2/repoprovas-backend/src/schemas/userSchema.ts": {"path":"/home/kawaym/Documentos/Projetos_Driven/Projeto_18_RepoProvas_Sprint2/repoprovas-backend/src/schemas/userSchema.ts","statementMap":{"0":{"start":{"line":4,"column":26},"end":{"line":7,"column":2}}},"fnMap":{},"branchMap":{},"s":{"0":5},"f":{},"b":{}}
,"/home/kawaym/Documentos/Projetos_Driven/Projeto_18_RepoProvas_Sprint2/repoprovas-backend/src/services/categoryService.ts": {"path":"/home/kawaym/Documentos/Projetos_Driven/Projeto_18_RepoProvas_Sprint2/repoprovas-backend/src/services/categoryService.ts","statementMap":{"0":{"start":{"line":4,"column":2},"end":{"line":4,"column":39}}},"fnMap":{"0":{"name":"findMany","decl":{"start":{"line":3,"column":15},"end":{"line":3,"column":23}},"loc":{"start":{"line":3,"column":23},"end":{"line":5,"column":null}}}},"branchMap":{},"s":{"0":1},"f":{"0":1},"b":{}}
,"/home/kawaym/Documentos/Projetos_Driven/Projeto_18_RepoProvas_Sprint2/repoprovas-backend/src/services/disciplineService.ts": {"path":"/home/kawaym/Documentos/Projetos_Driven/Projeto_18_RepoProvas_Sprint2/repoprovas-backend/src/services/disciplineService.ts","statementMap":{"0":{"start":{"line":4,"column":2},"end":{"line":4,"column":41}},"1":{"start":{"line":7,"column":2},"end":{"line":7,"column":46}}},"fnMap":{"0":{"name":"findMany","decl":{"start":{"line":3,"column":15},"end":{"line":3,"column":23}},"loc":{"start":{"line":3,"column":23},"end":{"line":5,"column":null}}},"1":{"name":"search","decl":{"start":{"line":6,"column":15},"end":{"line":6,"column":21}},"loc":{"start":{"line":6,"column":35},"end":{"line":8,"column":null}}}},"branchMap":{},"s":{"0":1,"1":1},"f":{"0":1,"1":1},"b":{}}
,"/home/kawaym/Documentos/Projetos_Driven/Projeto_18_RepoProvas_Sprint2/repoprovas-backend/src/services/teacherService.ts": {"path":"/home/kawaym/Documentos/Projetos_Driven/Projeto_18_RepoProvas_Sprint2/repoprovas-backend/src/services/teacherService.ts","statementMap":{"0":{"start":{"line":4,"column":2},"end":{"line":4,"column":48}},"1":{"start":{"line":7,"column":2},"end":{"line":7,"column":38}},"2":{"start":{"line":10,"column":2},"end":{"line":10,"column":43}}},"fnMap":{"0":{"name":"findByDiscipline","decl":{"start":{"line":3,"column":15},"end":{"line":3,"column":31}},"loc":{"start":{"line":3,"column":42},"end":{"line":5,"column":null}}},"1":{"name":"findMany","decl":{"start":{"line":6,"column":15},"end":{"line":6,"column":23}},"loc":{"start":{"line":6,"column":23},"end":{"line":8,"column":null}}},"2":{"name":"search","decl":{"start":{"line":9,"column":15},"end":{"line":9,"column":21}},"loc":{"start":{"line":9,"column":35},"end":{"line":11,"column":null}}}},"branchMap":{},"s":{"0":1,"1":0,"2":1},"f":{"0":1,"1":0,"2":1},"b":{}}
,"/home/kawaym/Documentos/Projetos_Driven/Projeto_18_RepoProvas_Sprint2/repoprovas-backend/src/services/testService.ts": {"path":"/home/kawaym/Documentos/Projetos_Driven/Projeto_18_RepoProvas_Sprint2/repoprovas-backend/src/services/testService.ts","statementMap":{"0":{"start":{"line":15,"column":2},"end":{"line":19,"column":null}},"1":{"start":{"line":16,"column":4},"end":{"line":16,"column":61}},"2":{"start":{"line":17,"column":9},"end":{"line":19,"column":null}},"3":{"start":{"line":18,"column":4},"end":{"line":18,"column":59}},"4":{"start":{"line":23,"column":27},"end":{"line":23,"column":72}},"5":{"start":{"line":24,"column":27},"end":{"line":24,"column":74}},"6":{"start":{"line":26,"column":27},"end":{"line":26,"column":79}},"7":{"start":{"line":27,"column":26},"end":{"line":27,"column":76}},"8":{"start":{"line":28,"column":29},"end":{"line":29,"column":null}},"9":{"start":{"line":32,"column":2},"end":{"line":33,"column":58}},"10":{"start":{"line":33,"column":4},"end":{"line":33,"column":58}},"11":{"start":{"line":35,"column":2},"end":{"line":36,"column":47}},"12":{"start":{"line":36,"column":4},"end":{"line":36,"column":47}},"13":{"start":{"line":38,"column":2},"end":{"line":38,"column":36}},"14":{"start":{"line":42,"column":23},"end":{"line":42,"column":59}},"15":{"start":{"line":44,"column":2},"end":{"line":44,"column":63}},"16":{"start":{"line":44,"column":21},"end":{"line":44,"column":63}},"17":{"start":{"line":46,"column":2},"end":{"line":46,"column":35}},"18":{"start":{"line":50,"column":2},"end":{"line":50,"column":42}}},"fnMap":{"0":{"name":"find","decl":{"start":{"line":14,"column":15},"end":{"line":14,"column":19}},"loc":{"start":{"line":14,"column":34},"end":{"line":20,"column":null}}},"1":{"name":"create","decl":{"start":{"line":22,"column":15},"end":{"line":22,"column":21}},"loc":{"start":{"line":22,"column":44},"end":{"line":39,"column":null}}},"2":{"name":"addView","decl":{"start":{"line":41,"column":15},"end":{"line":41,"column":22}},"loc":{"start":{"line":41,"column":33},"end":{"line":47,"column":null}}},"3":{"name":"searchTest","decl":{"start":{"line":49,"column":15},"end":{"line":49,"column":25}},"loc":{"start":{"line":49,"column":39},"end":{"line":51,"column":null}}}},"branchMap":{"0":{"loc":{"start":{"line":15,"column":2},"end":{"line":19,"column":null}},"type":"if","locations":[{"start":{"line":15,"column":2},"end":{"line":19,"column":null}},{"start":{"line":17,"column":9},"end":{"line":19,"column":null}}]},"1":{"loc":{"start":{"line":17,"column":9},"end":{"line":19,"column":null}},"type":"if","locations":[{"start":{"line":17,"column":9},"end":{"line":19,"column":null}}]},"2":{"loc":{"start":{"line":32,"column":2},"end":{"line":33,"column":58}},"type":"if","locations":[{"start":{"line":32,"column":2},"end":{"line":33,"column":58}}]},"3":{"loc":{"start":{"line":32,"column":8},"end":{"line":32,"column":65}},"type":"binary-expr","locations":[{"start":{"line":32,"column":8},"end":{"line":32,"column":24}},{"start":{"line":32,"column":28},"end":{"line":32,"column":43}},{"start":{"line":32,"column":47},"end":{"line":32,"column":65}}]},"4":{"loc":{"start":{"line":35,"column":2},"end":{"line":36,"column":47}},"type":"if","locations":[{"start":{"line":35,"column":2},"end":{"line":36,"column":47}}]},"5":{"loc":{"start":{"line":35,"column":6},"end":{"line":35,"column":42}},"type":"binary-expr","locations":[{"start":{"line":35,"column":6},"end":{"line":35,"column":22}},{"start":{"line":35,"column":26},"end":{"line":35,"column":42}}]},"6":{"loc":{"start":{"line":44,"column":2},"end":{"line":44,"column":63}},"type":"if","locations":[{"start":{"line":44,"column":2},"end":{"line":44,"column":63}}]}},"s":{"0":2,"1":1,"2":1,"3":1,"4":0,"5":0,"6":0,"7":0,"8":0,"9":0,"10":0,"11":0,"12":0,"13":0,"14":0,"15":0,"16":0,"17":0,"18":0},"f":{"0":2,"1":0,"2":0,"3":0},"b":{"0":[1,1],"1":[1],"2":[0],"3":[0,0,0],"4":[0],"5":[0,0],"6":[0]}}
,"/home/kawaym/Documentos/Projetos_Driven/Projeto_18_RepoProvas_Sprint2/repoprovas-backend/src/services/userService.ts": {"path":"/home/kawaym/Documentos/Projetos_Driven/Projeto_18_RepoProvas_Sprint2/repoprovas-backend/src/services/userService.ts","statementMap":{"0":{"start":{"line":11,"column":0},"end":{"line":11,"column":16}},"1":{"start":{"line":16,"column":23},"end":{"line":16,"column":77}},"2":{"start":{"line":17,"column":2},"end":{"line":17,"column":64}},"3":{"start":{"line":17,"column":20},"end":{"line":17,"column":64}},"4":{"start":{"line":19,"column":25},"end":{"line":19,"column":69}},"5":{"start":{"line":21,"column":2},"end":{"line":21,"column":79}},"6":{"start":{"line":25,"column":15},"end":{"line":25,"column":45}},"7":{"start":{"line":27,"column":16},"end":{"line":27,"column":69}},"8":{"start":{"line":29,"column":2},"end":{"line":29,"column":15}},"9":{"start":{"line":33,"column":15},"end":{"line":33,"column":48}},"10":{"start":{"line":34,"column":2},"end":{"line":34,"column":51}},"11":{"start":{"line":34,"column":13},"end":{"line":34,"column":51}},"12":{"start":{"line":36,"column":2},"end":{"line":36,"column":14}},"13":{"start":{"line":40,"column":15},"end":{"line":40,"column":64}},"14":{"start":{"line":41,"column":2},"end":{"line":41,"column":60}},"15":{"start":{"line":41,"column":13},"end":{"line":41,"column":60}},"16":{"start":{"line":43,"column":26},"end":{"line":43,"column":79}},"17":{"start":{"line":44,"column":2},"end":{"line":44,"column":71}},"18":{"start":{"line":44,"column":24},"end":{"line":44,"column":71}},"19":{"start":{"line":46,"column":2},"end":{"line":46,"column":14}}},"fnMap":{"0":{"name":"signUp","decl":{"start":{"line":15,"column":15},"end":{"line":15,"column":21}},"loc":{"start":{"line":15,"column":52},"end":{"line":22,"column":null}}},"1":{"name":"signIn","decl":{"start":{"line":24,"column":15},"end":{"line":24,"column":21}},"loc":{"start":{"line":24,"column":47},"end":{"line":30,"column":null}}},"2":{"name":"findById","decl":{"start":{"line":32,"column":15},"end":{"line":32,"column":23}},"loc":{"start":{"line":32,"column":34},"end":{"line":37,"column":null}}},"3":{"name":"getUserOrFail","decl":{"start":{"line":39,"column":15},"end":{"line":39,"column":28}},"loc":{"start":{"line":39,"column":54},"end":{"line":47,"column":null}}}},"branchMap":{"0":{"loc":{"start":{"line":17,"column":2},"end":{"line":17,"column":64}},"type":"if","locations":[{"start":{"line":17,"column":2},"end":{"line":17,"column":64}}]},"1":{"loc":{"start":{"line":34,"column":2},"end":{"line":34,"column":51}},"type":"if","locations":[{"start":{"line":34,"column":2},"end":{"line":34,"column":51}}]},"2":{"loc":{"start":{"line":41,"column":2},"end":{"line":41,"column":60}},"type":"if","locations":[{"start":{"line":41,"column":2},"end":{"line":41,"column":60}}]},"3":{"loc":{"start":{"line":44,"column":2},"end":{"line":44,"column":71}},"type":"if","locations":[{"start":{"line":44,"column":2},"end":{"line":44,"column":71}}]}},"s":{"0":5,"1":1,"2":1,"3":0,"4":1,"5":1,"6":1,"7":1,"8":1,"9":7,"10":7,"11":0,"12":7,"13":1,"14":1,"15":0,"16":1,"17":1,"18":0,"19":1},"f":{"0":1,"1":1,"2":7,"3":1},"b":{"0":[0],"1":[0],"2":[0],"3":[0]}}
,"/home/kawaym/Documentos/Projetos_Driven/Projeto_18_RepoProvas_Sprint2/repoprovas-backend/src/utils/errorUtils.ts": {"path":"/home/kawaym/Documentos/Projetos_Driven/Projeto_18_RepoProvas_Sprint2/repoprovas-backend/src/utils/errorUtils.ts","statementMap":{"0":{"start":{"line":8,"column":2},"end":{"line":8,"column":48}},"1":{"start":{"line":12,"column":2},"end":{"line":12,"column":38}},"2":{"start":{"line":12,"column":27},"end":{"line":12,"column":38}},"3":{"start":{"line":13,"column":2},"end":{"line":13,"column":39}},"4":{"start":{"line":13,"column":28},"end":{"line":13,"column":39}},"5":{"start":{"line":14,"column":2},"end":{"line":14,"column":42}},"6":{"start":{"line":14,"column":31},"end":{"line":14,"column":42}},"7":{"start":{"line":15,"column":2},"end":{"line":15,"column":42}},"8":{"start":{"line":15,"column":31},"end":{"line":15,"column":42}},"9":{"start":{"line":16,"column":2},"end":{"line":16,"column":13}},"10":{"start":{"line":20,"column":2},"end":{"line":20,"column":39}},"11":{"start":{"line":24,"column":2},"end":{"line":24,"column":40}},"12":{"start":{"line":28,"column":2},"end":{"line":28,"column":43}},"13":{"start":{"line":32,"column":2},"end":{"line":32,"column":43}}},"fnMap":{"0":{"name":"isAppError","decl":{"start":{"line":7,"column":16},"end":{"line":7,"column":26}},"loc":{"start":{"line":7,"column":40},"end":{"line":9,"column":1}}},"1":{"name":"errorTypeToStatusCode","decl":{"start":{"line":11,"column":16},"end":{"line":11,"column":37}},"loc":{"start":{"line":11,"column":57},"end":{"line":17,"column":1}}},"2":{"name":"conflictError","decl":{"start":{"line":19,"column":16},"end":{"line":19,"column":29}},"loc":{"start":{"line":19,"column":46},"end":{"line":21,"column":1}}},"3":{"name":"notFoundError","decl":{"start":{"line":23,"column":16},"end":{"line":23,"column":29}},"loc":{"start":{"line":23,"column":46},"end":{"line":25,"column":1}}},"4":{"name":"unauthorizedError","decl":{"start":{"line":27,"column":16},"end":{"line":27,"column":33}},"loc":{"start":{"line":27,"column":50},"end":{"line":29,"column":1}}},"5":{"name":"wrongSchemaError","decl":{"start":{"line":31,"column":16},"end":{"line":31,"column":32}},"loc":{"start":{"line":31,"column":49},"end":{"line":33,"column":1}}}},"branchMap":{"0":{"loc":{"start":{"line":12,"column":2},"end":{"line":12,"column":38}},"type":"if","locations":[{"start":{"line":12,"column":2},"end":{"line":12,"column":38}}]},"1":{"loc":{"start":{"line":13,"column":2},"end":{"line":13,"column":39}},"type":"if","locations":[{"start":{"line":13,"column":2},"end":{"line":13,"column":39}}]},"2":{"loc":{"start":{"line":14,"column":2},"end":{"line":14,"column":42}},"type":"if","locations":[{"start":{"line":14,"column":2},"end":{"line":14,"column":42}}]},"3":{"loc":{"start":{"line":15,"column":2},"end":{"line":15,"column":42}},"type":"if","locations":[{"start":{"line":15,"column":2},"end":{"line":15,"column":42}}]}},"s":{"0":0,"1":0,"2":0,"3":0,"4":0,"5":0,"6":0,"7":0,"8":0,"9":0,"10":0,"11":0,"12":0,"13":0},"f":{"0":0,"1":0,"2":0,"3":0,"4":0,"5":0},"b":{"0":[0],"1":[0],"2":[0],"3":[0]}}
,"/home/kawaym/Documentos/Projetos_Driven/Projeto_18_RepoProvas_Sprint2/repoprovas-backend/tests/factories/userFactory.ts": {"path":"/home/kawaym/Documentos/Projetos_Driven/Projeto_18_RepoProvas_Sprint2/repoprovas-backend/tests/factories/userFactory.ts","statementMap":{"0":{"start":{"line":7,"column":15},"end":{"line":11,"column":4}},"1":{"start":{"line":13,"column":17},"end":{"line":18,"column":4}},"2":{"start":{"line":20,"column":2},"end":{"line":20,"column":22}},"3":{"start":{"line":24,"column":23},"end":{"line":24,"column":41}},"4":{"start":{"line":26,"column":16},"end":{"line":26,"column":64}},"5":{"start":{"line":28,"column":2},"end":{"line":28,"column":63}}},"fnMap":{"0":{"name":"randomUser","decl":{"start":{"line":6,"column":22},"end":{"line":6,"column":32}},"loc":{"start":{"line":6,"column":32},"end":{"line":21,"column":null}}},"1":{"name":"createSession","decl":{"start":{"line":23,"column":22},"end":{"line":23,"column":35}},"loc":{"start":{"line":23,"column":35},"end":{"line":29,"column":null}}}},"branchMap":{},"s":{"0":9,"1":9,"2":9,"3":7,"4":7,"5":7},"f":{"0":9,"1":7},"b":{}}
}
