TN:
SF:src/app.ts
FNF:0
FNH:0
DA:8,5
DA:10,5
DA:11,5
DA:12,5
DA:13,5
DA:14,5
LF:6
LH:6
BRF:0
BRH:0
end_of_record
TN:
SF:src/database.ts
FNF:0
FNH:0
DA:3,5
DA:4,5
LF:2
LH:2
BRF:0
BRH:0
end_of_record
TN:
SF:src/controllers/categoryController.ts
FN:4,findMany
FNF:1
FNH:1
FNDA:1,findMany
DA:5,1
DA:6,1
LF:2
LH:2
BRF:0
BRH:0
end_of_record
TN:
SF:src/controllers/disciplineController.ts
FN:4,search
FNF:1
FNH:1
FNDA:2,search
DA:5,2
DA:6,2
DA:7,1
DA:8,1
DA:9,1
DA:11,1
DA:12,1
LF:7
LH:7
BRDA:6,0,0,1
BRF:1
BRH:1
end_of_record
TN:
SF:src/controllers/teacherController.ts
FN:4,findByDiscipline
FN:12,findMany
FN:17,search
FNF:3
FNH:2
FNDA:1,findByDiscipline
FNDA:0,findMany
FNDA:1,search
DA:5,1
DA:6,1
DA:7,0
DA:9,1
DA:10,1
DA:13,0
DA:14,0
DA:18,1
DA:19,1
DA:20,1
LF:10
LH:7
BRDA:6,0,0,0
BRF:1
BRH:0
end_of_record
TN:
SF:src/controllers/testController.ts
FN:4,find
FN:15,create
FN:22,addView
FN:28,searchTest
FNF:4
FNH:1
FNDA:2,find
FNDA:0,create
FNDA:0,addView
FNDA:0,searchTest
DA:5,2
DA:7,2
DA:8,0
DA:11,2
DA:12,2
DA:16,0
DA:18,0
DA:20,0
DA:23,0
DA:24,0
DA:25,0
DA:29,0
DA:30,0
DA:31,0
LF:14
LH:4
BRDA:7,0,0,0
BRDA:7,1,0,2
BRDA:7,1,1,1
BRF:3
BRH:2
end_of_record
TN:
SF:src/controllers/userController.ts
FN:4,signUp
FN:12,signIn
FNF:2
FNH:2
FNDA:1,signUp
FNDA:1,signIn
DA:5,1
DA:7,1
DA:9,1
DA:13,1
DA:15,1
DA:17,1
LF:6
LH:6
BRF:0
BRH:0
end_of_record
TN:
SF:src/middlewares/ensureAuthenticatedMiddleware.ts
FN:8,ensureAuthenticatedMiddleware
FNF:1
FNH:1
FNDA:7,ensureAuthenticatedMiddleware
DA:6,5
DA:13,7
DA:14,7
DA:16,7
DA:17,7
DA:19,7
DA:20,7
DA:23,7
DA:24,7
DA:26,7
DA:28,0
LF:11
LH:10
BRDA:14,0,0,0
BRDA:17,1,0,0
BRF:2
BRH:0
end_of_record
TN:
SF:src/middlewares/errorHandlerMiddleware.ts
FN:8,errorHandlerMiddleware
FNF:1
FNH:0
FNDA:0,errorHandlerMiddleware
DA:14,0
DA:16,0
DA:17,0
DA:20,0
LF:4
LH:0
BRDA:16,0,0,0
BRF:1
BRH:0
end_of_record
TN:
SF:src/middlewares/validateSchemaMiddleware.ts
FN:4,validateSchemaMiddleware
FN:5,(anonymous_1)
FNF:2
FNH:2
FNDA:15,validateSchemaMiddleware
FNDA:2,(anonymous_1)
DA:5,15
DA:6,2
DA:7,2
DA:8,0
DA:11,2
LF:5
LH:4
BRDA:7,0,0,0
BRF:1
BRH:0
end_of_record
TN:
SF:src/repositories/categoryRepository.ts
FN:3,findMany
FN:7,findUnique
FNF:2
FNH:1
FNDA:1,findMany
FNDA:0,findUnique
DA:4,1
DA:8,0
LF:2
LH:1
BRF:0
BRH:0
end_of_record
TN:
SF:src/repositories/disciplineRepository.ts
FN:3,findMany
FN:6,findUnique
FNF:2
FNH:1
FNDA:2,findMany
FNDA:0,findUnique
DA:4,2
DA:7,0
LF:2
LH:1
BRDA:3,0,0,1
BRF:1
BRH:1
end_of_record
TN:
SF:src/repositories/teacherRepository.ts
FN:3,findByDiscipline
FN:10,findUnique
FN:13,findMany
FNF:3
FNH:2
FNDA:1,findByDiscipline
FNDA:0,findUnique
FNDA:1,findMany
DA:4,1
DA:11,0
DA:14,1
LF:3
LH:2
BRDA:13,0,0,0
BRF:1
BRH:0
end_of_record
TN:
SF:src/repositories/testRepository.ts
FN:3,getTestsByDiscipline
FN:31,getTestsByTeachers
FN:59,getTestByName
FN:63,getTestByData
FN:76,create
FN:90,getTestById
FN:94,addView
FN:103,searchTest
FNF:8
FNH:2
FNDA:1,getTestsByDiscipline
FNDA:1,getTestsByTeachers
FNDA:0,getTestByName
FNDA:0,getTestByData
FNDA:0,create
FNDA:0,getTestById
FNDA:0,addView
FNDA:0,searchTest
DA:4,1
DA:32,1
DA:60,0
DA:64,0
DA:67,0
DA:77,0
DA:80,0
DA:91,0
DA:95,0
DA:104,0
LF:10
LH:2
BRDA:3,0,0,1
BRDA:31,1,0,1
BRF:2
BRH:2
end_of_record
TN:
SF:src/repositories/userRepository.ts
FN:4,findById
FN:11,findByEmail
FN:19,insert
FNF:3
FNH:3
FNDA:7,findById
FNDA:2,findByEmail
FNDA:1,insert
DA:5,7
DA:12,2
DA:20,1
LF:3
LH:3
BRF:0
BRH:0
end_of_record
TN:
SF:src/routers/categoryRouter.ts
FNF:0
FNH:0
DA:5,5
DA:7,5
LF:2
LH:2
BRF:0
BRH:0
end_of_record
TN:
SF:src/routers/disciplineRouter.ts
FNF:0
FNH:0
DA:5,5
DA:7,5
DA:12,5
LF:3
LH:3
BRF:0
BRH:0
end_of_record
TN:
SF:src/routers/index.ts
FNF:0
FNH:0
DA:8,5
DA:9,5
DA:10,5
DA:11,5
DA:12,5
DA:13,5
LF:6
LH:6
BRF:0
BRH:0
end_of_record
TN:
SF:src/routers/teacherRouter.ts
FNF:0
FNH:0
DA:5,5
DA:7,5
DA:12,5
LF:3
LH:3
BRF:0
BRH:0
end_of_record
TN:
SF:src/routers/testRouter.ts
FNF:0
FNH:0
DA:6,5
DA:8,5
DA:9,5
DA:15,5
DA:20,5
LF:5
LH:5
BRF:0
BRH:0
end_of_record
TN:
SF:src/routers/userRouter.ts
FNF:0
FNH:0
DA:6,5
DA:8,5
DA:13,5
LF:3
LH:3
BRF:0
BRH:0
end_of_record
TN:
SF:src/schemas/testSchema.ts
FNF:0
FNH:0
DA:4,5
LF:1
LH:1
BRF:0
BRH:0
end_of_record
TN:
SF:src/schemas/userSchema.ts
FNF:0
FNH:0
DA:4,5
LF:1
LH:1
BRF:0
BRH:0
end_of_record
TN:
SF:src/services/categoryService.ts
FN:3,findMany
FNF:1
FNH:1
FNDA:1,findMany
DA:4,1
LF:1
LH:1
BRF:0
BRH:0
end_of_record
TN:
SF:src/services/disciplineService.ts
FN:3,findMany
FN:6,search
FNF:2
FNH:2
FNDA:1,findMany
FNDA:1,search
DA:4,1
DA:7,1
LF:2
LH:2
BRF:0
BRH:0
end_of_record
TN:
SF:src/services/teacherService.ts
FN:3,findByDiscipline
FN:6,findMany
FN:9,search
FNF:3
FNH:2
FNDA:1,findByDiscipline
FNDA:0,findMany
FNDA:1,search
DA:4,1
DA:7,0
DA:10,1
LF:3
LH:2
BRF:0
BRH:0
end_of_record
TN:
SF:src/services/testService.ts
FN:14,find
FN:22,create
FN:41,addView
FN:49,searchTest
FNF:4
FNH:1
FNDA:2,find
FNDA:0,create
FNDA:0,addView
FNDA:0,searchTest
DA:15,2
DA:16,1
DA:17,1
DA:18,1
DA:23,0
DA:24,0
DA:26,0
DA:27,0
DA:28,0
DA:32,0
DA:33,0
DA:35,0
DA:36,0
DA:38,0
DA:42,0
DA:44,0
DA:46,0
DA:50,0
LF:18
LH:4
BRDA:15,0,0,1
BRDA:15,0,1,1
BRDA:17,1,0,1
BRDA:32,2,0,0
BRDA:32,3,0,0
BRDA:32,3,1,0
BRDA:32,3,2,0
BRDA:35,4,0,0
BRDA:35,5,0,0
BRDA:35,5,1,0
BRDA:44,6,0,0
BRF:11
BRH:3
end_of_record
TN:
SF:src/services/userService.ts
FN:15,signUp
FN:24,signIn
FN:32,findById
FN:39,getUserOrFail
FNF:4
FNH:4
FNDA:1,signUp
FNDA:1,signIn
FNDA:7,findById
FNDA:1,getUserOrFail
DA:11,5
DA:16,1
DA:17,1
DA:19,1
DA:21,1
DA:25,1
DA:27,1
DA:29,1
DA:33,7
DA:34,7
DA:36,7
DA:40,1
DA:41,1
DA:43,1
DA:44,1
DA:46,1
LF:16
LH:16
BRDA:17,0,0,0
BRDA:34,1,0,0
BRDA:41,2,0,0
BRDA:44,3,0,0
BRF:4
BRH:0
end_of_record
TN:
SF:src/utils/errorUtils.ts
FN:7,isAppError
FN:11,errorTypeToStatusCode
FN:19,conflictError
FN:23,notFoundError
FN:27,unauthorizedError
FN:31,wrongSchemaError
FNF:6
FNH:0
FNDA:0,isAppError
FNDA:0,errorTypeToStatusCode
FNDA:0,conflictError
FNDA:0,notFoundError
FNDA:0,unauthorizedError
FNDA:0,wrongSchemaError
DA:8,0
DA:12,0
DA:13,0
DA:14,0
DA:15,0
DA:16,0
DA:20,0
DA:24,0
DA:28,0
DA:32,0
LF:10
LH:0
BRDA:12,0,0,0
BRDA:13,1,0,0
BRDA:14,2,0,0
BRDA:15,3,0,0
BRF:4
BRH:0
end_of_record
TN:
SF:tests/factories/userFactory.ts
FN:6,randomUser
FN:23,createSession
FNF:2
FNH:2
FNDA:9,randomUser
FNDA:7,createSession
DA:7,9
DA:13,9
DA:20,9
DA:24,7
DA:26,7
DA:28,7
LF:6
LH:6
BRF:0
BRH:0
end_of_record
